\BOOKMARK [1][-]{section.1}{\376\377\000I\000n\000t\000r\000o\000d\000u\000c\000t\000i\000o\000n}{}% 1
\BOOKMARK [1][-]{section.2}{\376\377\000B\000a\000c\000k\000g\000r\000o\000u\000n\000d\000\040\000a\000n\000d\000\040\000R\000e\000l\000a\000t\000e\000d\000\040\000W\000o\000r\000k}{}% 2
\BOOKMARK [1][-]{section.3}{\376\377\000P\000r\000o\000b\000l\000e\000m\000\040\000F\000o\000r\000m\000u\000l\000a\000t\000i\000o\000n}{}% 3
\BOOKMARK [1][-]{section.4}{\376\377\000D\000a\000t\000a\000s\000e\000t\000\040\000a\000n\000d\000\040\000P\000r\000e\000p\000r\000o\000c\000e\000s\000s\000i\000n\000g}{}% 4
\BOOKMARK [2][-]{subsection.4.1}{\376\377\000D\000a\000t\000a\000s\000e\000t\000\040\000S\000e\000l\000e\000c\000t\000i\000o\000n}{section.4}% 5
\BOOKMARK [2][-]{subsection.4.2}{\376\377\000T\000a\000g\000s\000e\000t\000\040\000S\000i\000m\000p\000l\000i\000f\000i\000c\000a\000t\000i\000o\000n}{section.4}% 6
\BOOKMARK [2][-]{subsection.4.3}{\376\377\000L\000e\000x\000i\000c\000a\000l\000\040\000D\000i\000c\000t\000i\000o\000n\000a\000r\000y\000\040\000C\000o\000n\000s\000t\000r\000u\000c\000t\000i\000o\000n}{section.4}% 7
\BOOKMARK [2][-]{subsection.4.4}{\376\377\000M\000o\000r\000p\000h\000o\000l\000o\000g\000i\000c\000a\000l\000\040\000F\000e\000a\000t\000u\000r\000e\000\040\000E\000x\000t\000r\000a\000c\000t\000i\000o\000n}{section.4}% 8
\BOOKMARK [2][-]{subsection.4.5}{\376\377\000E\000m\000b\000e\000d\000d\000i\000n\000g\000\040\000R\000e\000p\000r\000e\000s\000e\000n\000t\000a\000t\000i\000o\000n}{section.4}% 9
\BOOKMARK [2][-]{subsection.4.6}{\376\377\000T\000r\000a\000i\000n\040\023\000T\000e\000s\000t\000\040\000S\000p\000l\000i\000t}{section.4}% 10
\BOOKMARK [1][-]{section.5}{\376\377\000R\000e\000i\000n\000f\000o\000r\000c\000e\000m\000e\000n\000t\000\040\000L\000e\000a\000r\000n\000i\000n\000g\000\040\000E\000n\000v\000i\000r\000o\000n\000m\000e\000n\000t\000s}{}% 11
\BOOKMARK [2][-]{subsection.5.1}{\376\377\000E\000n\000v\000i\000r\000o\000n\000m\000e\000n\000t\000\040\0001\000:\000\040\000S\000t\000a\000n\000d\000a\000r\000d\000\040\000P\000O\000S\000\040\000T\000a\000g\000g\000i\000n\000g}{section.5}% 12
\BOOKMARK [2][-]{subsection.5.2}{\376\377\000E\000n\000v\000i\000r\000o\000n\000m\000e\000n\000t\000\040\0002\000:\000\040\000O\000r\000a\000c\000l\000e\000-\000A\000u\000g\000m\000e\000n\000t\000e\000d\000\040\000P\000O\000S\000\040\000T\000a\000g\000g\000i\000n\000g}{section.5}% 13
\BOOKMARK [2][-]{subsection.5.3}{\376\377\000S\000h\000a\000r\000e\000d\000\040\000P\000r\000o\000p\000e\000r\000t\000i\000e\000s\000\040\000a\000n\000d\000\040\000D\000e\000s\000i\000g\000n\000\040\000R\000a\000t\000i\000o\000n\000a\000l\000e}{section.5}% 14
\BOOKMARK [1][-]{section.6}{\376\377\000A\000g\000e\000n\000t\000\040\000A\000r\000c\000h\000i\000t\000e\000c\000t\000u\000r\000e\000\040\000a\000n\000d\000\040\000L\000e\000a\000r\000n\000i\000n\000g\000\040\000A\000l\000g\000o\000r\000i\000t\000h\000m\000s}{}% 15
\BOOKMARK [2][-]{subsection.6.1}{\376\377\000A\000g\000e\000n\000t\000\040\000A\000r\000c\000h\000i\000t\000e\000c\000t\000u\000r\000e}{section.6}% 16
\BOOKMARK [2][-]{subsection.6.2}{\376\377\000V\000a\000l\000u\000e\000-\000B\000a\000s\000e\000d\000\040\000L\000e\000a\000r\000n\000i\000n\000g}{section.6}% 17
\BOOKMARK [2][-]{subsection.6.3}{\376\377\000O\000f\000f\000l\000i\000n\000e\000\040\000R\000e\000i\000n\000f\000o\000r\000c\000e\000m\000e\000n\000t\000\040\000L\000e\000a\000r\000n\000i\000n\000g\000\040\000C\000o\000n\000s\000i\000d\000e\000r\000a\000t\000i\000o\000n\000s}{section.6}% 18
\BOOKMARK [1][-]{section.7}{\376\377\000R\000e\000w\000a\000r\000d\000\040\000D\000e\000s\000i\000g\000n\000\040\000a\000n\000d\000\040\000C\000o\000n\000s\000t\000r\000a\000i\000n\000t\000s}{}% 19
\BOOKMARK [2][-]{subsection.7.1}{\376\377\000B\000a\000s\000e\000\040\000R\000e\000w\000a\000r\000d\000\040\000S\000i\000g\000n\000a\000l}{section.7}% 20
\BOOKMARK [2][-]{subsection.7.2}{\376\377\000L\000e\000x\000i\000c\000a\000l\000\040\000C\000o\000n\000s\000t\000r\000a\000i\000n\000t\000s}{section.7}% 21
\BOOKMARK [2][-]{subsection.7.3}{\376\377\000G\000r\000a\000m\000m\000a\000t\000i\000c\000a\000l\000\040\000T\000r\000a\000n\000s\000i\000t\000i\000o\000n\000\040\000C\000o\000n\000s\000t\000r\000a\000i\000n\000t\000s}{section.7}% 22
\BOOKMARK [2][-]{subsection.7.4}{\376\377\000O\000r\000a\000c\000l\000e\000\040\000C\000o\000s\000t\000\040\000i\000n\000\040\000E\000x\000t\000e\000n\000d\000e\000d\000\040\000E\000n\000v\000i\000r\000o\000n\000m\000e\000n\000t\000s}{section.7}% 23
\BOOKMARK [2][-]{subsection.7.5}{\376\377\000D\000e\000s\000i\000g\000n\000\040\000R\000a\000t\000i\000o\000n\000a\000l\000e}{section.7}% 24
\BOOKMARK [1][-]{section.8}{\376\377\000E\000x\000p\000e\000r\000i\000m\000e\000n\000t\000a\000l\000\040\000S\000e\000t\000u\000p}{}% 25
\BOOKMARK [2][-]{subsection.8.1}{\376\377\000T\000r\000a\000i\000n\000i\000n\000g\000\040\000P\000r\000o\000t\000o\000c\000o\000l}{section.8}% 26
\BOOKMARK [2][-]{subsection.8.2}{\376\377\000E\000v\000a\000l\000u\000a\000t\000i\000o\000n\000\040\000P\000r\000o\000c\000e\000d\000u\000r\000e}{section.8}% 27
\BOOKMARK [2][-]{subsection.8.3}{\376\377\000C\000o\000m\000p\000a\000r\000e\000d\000\040\000C\000o\000n\000f\000i\000g\000u\000r\000a\000t\000i\000o\000n\000s}{section.8}% 28
\BOOKMARK [1][-]{section.9}{\376\377\000R\000e\000s\000u\000l\000t\000s\000\040\000a\000n\000d\000\040\000A\000n\000a\000l\000y\000s\000i\000s}{}% 29
\BOOKMARK [2][-]{subsection.9.1}{\376\377\000E\000x\000p\000e\000r\000i\000m\000e\000n\000t\000\040\0001\000.\0001\000:\000\040\000L\000e\000a\000r\000n\000i\000n\000g\000\040\000S\000y\000n\000t\000a\000x\000\040\000v\000i\000a\000\040\000A\000c\000t\000i\000v\000e\000\040\000E\000n\000v\000i\000r\000o\000n\000m\000e\000n\000t\000a\000l\000\040\000I\000n\000t\000e\000r\000a\000c\000t\000i\000o\000n}{section.9}% 30
\BOOKMARK [3][-]{subsubsection.9.1.1}{\376\377\000L\000e\000a\000r\000n\000i\000n\000g\000\040\000S\000t\000a\000b\000i\000l\000i\000t\000y\000\040\000a\000n\000d\000\040\000C\000o\000n\000v\000e\000r\000g\000e\000n\000c\000e}{subsection.9.1}% 31
\BOOKMARK [3][-]{subsubsection.9.1.2}{\376\377\000P\000e\000r\000f\000o\000r\000m\000a\000n\000c\000e\000\040\000r\000e\000l\000a\000t\000i\000v\000e\000\040\000t\000o\000\040\000B\000a\000s\000e\000l\000i\000n\000e\000s}{subsection.9.1}% 32
\BOOKMARK [2][-]{subsection.9.2}{\376\377\000E\000x\000p\000e\000r\000i\000m\000e\000n\000t\000\040\0001\000.\0002\000:\000\040\000A\000d\000v\000a\000n\000c\000e\000d\000\040\000O\000f\000f\000l\000i\000n\000e\000\040\000R\000L\000\040\000\050\000C\000Q\000L\000\040\000+\000\040\000B\000C\000Q\000\051}{section.9}% 33
\BOOKMARK [3][-]{subsubsection.9.2.1}{\376\377\000L\000e\000a\000r\000n\000i\000n\000g\000\040\000S\000t\000a\000b\000i\000l\000i\000t\000y\000\040\000a\000n\000d\000\040\000C\000o\000n\000v\000e\000r\000g\000e\000n\000c\000e}{subsection.9.2}% 34
\BOOKMARK [3][-]{subsubsection.9.2.2}{\376\377\000P\000e\000r\000f\000o\000r\000m\000a\000n\000c\000e\000\040\000I\000m\000p\000r\000o\000v\000e\000m\000e\000n\000t}{subsection.9.2}% 35
\BOOKMARK [2][-]{subsection.9.3}{\376\377\000E\000x\000p\000e\000r\000i\000m\000e\000n\000t\000\040\0002\000:\000\040\000H\000y\000b\000r\000i\000d\000\040\000C\000o\000r\000r\000e\000c\000t\000i\000o\000n\000\040\000S\000t\000r\000a\000t\000e\000g\000y}{section.9}% 36
\BOOKMARK [3][-]{subsubsection.9.3.1}{\376\377\000O\000v\000e\000r\000a\000l\000l\000\040\000A\000c\000c\000u\000r\000a\000c\000y\000\040\000C\000o\000m\000p\000a\000r\000i\000s\000o\000n}{subsection.9.3}% 37
\BOOKMARK [3][-]{subsubsection.9.3.2}{\376\377\000O\000r\000a\000c\000l\000e\000\040\000E\000f\000f\000i\000c\000i\000e\000n\000c\000y\000\040\000A\000n\000a\000l\000y\000s\000i\000s}{subsection.9.3}% 38
\BOOKMARK [1][-]{section.10}{\376\377\000E\000r\000r\000o\000r\000\040\000A\000n\000a\000l\000y\000s\000i\000s\000\040\000a\000n\000d\000\040\000L\000i\000m\000i\000t\000a\000t\000i\000o\000n\000s}{}% 39
\BOOKMARK [2][-]{subsection.10.1}{\376\377\000S\000e\000q\000u\000e\000n\000t\000i\000a\000l\000\040\000P\000r\000o\000c\000e\000s\000s\000i\000n\000g\000\040\000L\000i\000m\000i\000t\000a\000t\000i\000o\000n\000s}{section.10}% 40
\BOOKMARK [2][-]{subsection.10.2}{\376\377\000A\000m\000b\000i\000g\000u\000i\000t\000y\000-\000D\000r\000i\000v\000e\000n\000\040\000E\000r\000r\000o\000r\000s}{section.10}% 41
\BOOKMARK [2][-]{subsection.10.3}{\376\377\000C\000r\000e\000d\000i\000t\000\040\000A\000s\000s\000i\000g\000n\000m\000e\000n\000t\000\040\000C\000h\000a\000l\000l\000e\000n\000g\000e\000s}{section.10}% 42
\BOOKMARK [1][-]{section.11}{\376\377\000D\000i\000s\000c\000u\000s\000s\000i\000o\000n}{}% 43
\BOOKMARK [1][-]{section.12}{\376\377\000F\000u\000t\000u\000r\000e\000\040\000W\000o\000r\000k}{}% 44
\BOOKMARK [1][-]{section.13}{\376\377\000C\000o\000n\000c\000l\000u\000s\000i\000o\000n\000s}{}% 45
